<?xml version="1.0" encoding="UTF-8"?>
<testsuite name="BowlingGameTestCase" tests="6" skipped="0" failures="0" errors="0" timestamp="2020-06-01T04:51:07" hostname="gKayHudson.local" time="0.005">
  <properties/>
  <testcase name="testOneStrike" classname="BowlingGameTestCase" time="0.002"/>
  <testcase name="testGutterGame" classname="BowlingGameTestCase" time="0.001"/>
  <testcase name="testGetCurrentFrame" classname="BowlingGameTestCase" time="0.0"/>
  <testcase name="testAllOnes" classname="BowlingGameTestCase" time="0.001"/>
  <testcase name="testSpareFrameCountsNextRoll" classname="BowlingGameTestCase" time="0.0"/>
  <testcase name="testPerfectGame" classname="BowlingGameTestCase" time="0.0"/>
  <system-out><![CDATA[]]></system-out>
  <system-err><![CDATA[]]></system-err>
</testsuite>
